********************************************************************************
db2gds 23.20-p013 64 bit (Tue Jan 9 12:32:47 PST 2024)
Build Ref No.: 032 Release Candidate (01-09-2024) [2320_pgs]

Copyright 2024 Cadence Design Systems, Inc.
All rights reserved worldwide.

Build O/S:       Linux x86_64 3.10.0-693.el7.x86_64
Executed on:     noivl-steja (Linux x86_64 3.10.0-957.5.1.el7.x86_64)
Process Id:      15707
Starting Time:   Sun Aug 11 22:59:35 2024 (Sun Aug 11 17:29:35 2024 GMT)
With parameters: OpAmp_15482 /servers/esd_noida/steja/Basic_Analog_Flow/final/CAICDF/solutions/module6/LVSrun/svdb/OpAmp.agf OpAmp -lmap lmapt5tb2r -netmap /servers/esd_noida/steja/Basic_Analog_Flow/final/CAICDF/solutions/module6/LVSrun/svdb/OpAmp.lnn -property_nqrc -gds_scale 2000 -vircolon 
********************************************************************************

Library name: OpAmp_15482
GDSII file name: /servers/esd_noida/steja/Basic_Analog_Flow/final/CAICDF/solutions/module6/LVSrun/svdb/OpAmp.agf
Cells to be written out: OpAmp
Source Library: OpAmp_15482
Layer mapping file(GDS <- DMC): lmapt5tb2r
    24 (dt:0 tt:0) <- 24
    25 (dt:0 tt:0) <- 25
    56 (dt:0 tt:0) <- 56
    70 (dt:0 tt:0) <- 70
    71 (dt:0 tt:0) <- 71
    73 (dt:0 tt:0) <- 73
    74 (dt:0 tt:0) <- 74
    76 (dt:0 tt:0) <- 76
    78 (dt:0 tt:0) <- 78
    81 (dt:0 tt:0) <- 81
    82 (dt:0 tt:0) <- 82
    84 (dt:0 tt:0) <- 84
    46 (dt:0 tt:0) <- 46
    48 (dt:0 tt:0) <- 48
    49 (dt:0 tt:0) <- 49
    50 (dt:0 tt:0) <- 50
    51 (dt:0 tt:0) <- 51
    52 (dt:0 tt:0) <- 52
    53 (dt:0 tt:0) <- 53
    54 (dt:0 tt:0) <- 54
    55 (dt:0 tt:0) <- 55
    57 (dt:0 tt:0) <- 57
    58 (dt:0 tt:0) <- 58
    59 (dt:0 tt:0) <- 59
    60 (dt:0 tt:0) <- 60
    61 (dt:0 tt:0) <- 61
    62 (dt:0 tt:0) <- 62
    63 (dt:0 tt:0) <- 63
    64 (dt:0 tt:0) <- 64
    65 (dt:0 tt:0) <- 65
    66 (dt:0 tt:0) <- 66
    67 (dt:0 tt:0) <- 67
    68 (dt:0 tt:0) <- 68
    83 (dt:0 tt:0) <- 83
    92 (dt:0 tt:0) <- 92
    95 (dt:0 tt:0) <- 95
    102 (dt:0 tt:0) <- 102
    105 (dt:0 tt:0) <- 105
    106 (dt:0 tt:0) <- 106
    120 (dt:0 tt:0) <- 120
    122 (dt:0 tt:0) <- 122
    11 (dt:0 tt:0) <- 11
    12 (dt:0 tt:0) <- 12
    14 (dt:0 tt:0) <- 14
    29 (dt:0 tt:0) <- 29
    30 (dt:0 tt:0) <- 30
    31 (dt:0 tt:0) <- 31
    32 (dt:0 tt:0) <- 32
    34 (dt:0 tt:0) <- 34
    35 (dt:0 tt:0) <- 35
    36 (dt:0 tt:0) <- 36
    37 (dt:0 tt:0) <- 37
    39 (dt:0 tt:0) <- 39
    40 (dt:0 tt:0) <- 40
    42 (dt:0 tt:0) <- 42
    43 (dt:0 tt:0) <- 43
    44 (dt:0 tt:0) <- 44
    45 (dt:0 tt:0) <- 45
    69 (dt:0 tt:0) <- 69
    72 (dt:0 tt:0) <- 72
    77 (dt:0 tt:0) <- 77
    79 (dt:0 tt:0) <- 79
    80 (dt:0 tt:0) <- 80
    85 (dt:0 tt:0) <- 85
    88 (dt:0 tt:0) <- 88
    99 (dt:0 tt:0) <- 99
    128 (dt:0 tt:0) <- 128
    132 (dt:0 tt:0) <- 132
    134 (dt:0 tt:0) <- 134
    135 (dt:0 tt:0) <- 135
    136 (dt:0 tt:0) <- 136
    137 (dt:0 tt:0) <- 137
    138 (dt:0 tt:0) <- 138
    139 (dt:0 tt:0) <- 139
    140 (dt:0 tt:0) <- 140
    0 (dt:0 tt:0) <- 0
    1 (dt:0 tt:0) <- 1
    2 (dt:0 tt:0) <- 2
    3 (dt:0 tt:0) <- 3
    4 (dt:0 tt:0) <- 4
    5 (dt:0 tt:0) <- 5
    6 (dt:0 tt:0) <- 6
    7 (dt:0 tt:0) <- 7
    8 (dt:0 tt:0) <- 8
    9 (dt:0 tt:0) <- 9
    10 (dt:0 tt:0) <- 10
    13 (dt:0 tt:0) <- 13
    15 (dt:0 tt:0) <- 15
    16 (dt:0 tt:0) <- 16
    17 (dt:0 tt:0) <- 17
    19 (dt:0 tt:0) <- 19
    20 (dt:0 tt:0) <- 20
    21 (dt:0 tt:0) <- 21
    22 (dt:0 tt:0) <- 22
    23 (dt:0 tt:0) <- 23
    26 (dt:0 tt:0) <- 26
    27 (dt:0 tt:0) <- 27
    28 (dt:0 tt:0) <- 28
    33 (dt:0 tt:0) <- 33
    38 (dt:0 tt:0) <- 38
    41 (dt:0 tt:0) <- 41
    47 (dt:0 tt:0) <- 47
Cell name case: PRESERVE
Option: output object property for new qrc flow


                Object Statistics of Cells                            
Cell Name         Box  Polygon     Path   Label Instance Array    Total
----------------------------------------------------------------------
OpAmp             217       17        0       0    65      0       299
M2_M1_CDNS_723397369280        3        0        0       0     0      0         3
M3_M2_CDNS_723397369282        3        0        0       0     0      0         3
M3_M2_CDNS_723397369283        3        0        0       0     0      0         3
M2_M1_CDNS_723397369284        3        0        0       0     0      0         3
M2_M1_CDNS_723397369285        3        0        0       0     0      0         3
M2_M1_CDNS_723397369286        3        0        0       0     0      0         3
M3_M2_CDNS_723397369287        3        0        0       0     0      0         3
M4_M3_CDNS_723397369289        3        0        0       0     0      0         3
M3_M2_CDNS_7233973692810        3        0        0       0     0      0         3
M4_M3_CDNS_7233973692811        3        0        0       0     0      0         3
M2_M1_CDNS_7233973692815        3        0        0       0     0      0         3
nmos2v_CDNS_723397369281      139        0        0       0     0      0       139
nmos2v_CDNS_723397369282       33        0        0       0     0      0        33
pmoscap2v_CDNS_723397369283      220        0        0       0     0      0       220
pmos2v_CDNS_723397369284       27        0        0       0     0      0        27
nmos2v_CDNS_723397369285       27        1        0       0     0      0        28
nmos2v_CDNS_723397369286       35        0        0       0     0      0        35
nmos2v_CDNS_723397369287       49        0        0       0     0      0        49
pmos2v_CDNS_723397369288       28        0        0       0     0      0        28
nmos2v_CDNS_723397369289       28        1        0       0     0      0        29
pmos2v_CDNS_7233973692810       32        0        0       0     0      0        32
pmos2v_CDNS_7233973692811       27        0        0       0     0      0        27
nmos2v_CDNS_7233973692812       43        0        0       0     0      0        43
----------------------------------------------------------------------

Object Statistics of Layers
Layer   Objects
----------------
  13           5
  14          13
  38           1
  41           7
  48         103
  50          69
  51          27
  52          13
  53           4
  61           6
  62          19
  63         334
  64          13
  65          20
  66         295
  70           6
  71           6
  73           3
 120           6
 122           7
----------------

Object Summary
------------------
     Box       938
 Polygon        19
    Path         0
   Label         0
Instance        65
   Array         0
------------------
   Total      1022


Output property: 1022
Total CPU Time          : 0(s)
Total Real Time         : 0(s)
Peak Memory Used        : 9(M)
