Starting Single Run, Sweeps and Corners...

Current time: Thu Jul 25 21:47:08 2024 
Best design point: 1
Design specs: 
	ac	corner	Nominal - 
	UGB		100.1M	Yes
	Av0		58.5	Near
Design parameters: 
	MyOpAmp/OpAmp/schematic/M0  l		500n
	MyOpAmp/OpAmp/schematic/M1  l		500n
	MyOpAmp/OpAmp/schematic/M3  l		500n
	MyOpAmp/OpAmp/schematic/M3  w		1u
	MyOpAmp/OpAmp/schematic/M4  l		500n
	MyOpAmp/OpAmp/schematic/M4  w		1u
	MyOpAmp/OpAmp/schematic/M6  l		500n
	MyOpAmp/OpAmp/schematic/M7  l		500n

ExplorerRun.0
Number of points completed: 1
Number of simulation errors: 0
ExplorerRun.0 completed. 
Current time: Thu Jul 25 21:47:20 2024 
