Starting Single Run, Sweeps and Corners...

Current time: Thu Jul 25 21:54:46 2024 
Best design point: 1
Design specs: 
	tran	corner	Nominal - 
	Vout_dc		1.004
	Vin_dc		1
	Slew Rate		51.02M	Yes
	Settling Time		22.35n	Yes
	Pdiss		184.9u	Yes
	Offset		3.85m	Yes
	ac	corner	Nominal - 
	UGB		121.1M	Yes
	Av0		60.36	Yes
Design parameters: 
	ibias		10.5u
	MyOpAmp/OpAmp/schematic/M0  l		750n
	MyOpAmp/OpAmp/schematic/M1  l		750n
	MyOpAmp/OpAmp/schematic/M3  l		750n
	MyOpAmp/OpAmp/schematic/M3  w		1.5u
	MyOpAmp/OpAmp/schematic/M4  l		750n
	MyOpAmp/OpAmp/schematic/M4  w		1.5u
	MyOpAmp/OpAmp/schematic/M6  l		750n
	MyOpAmp/OpAmp/schematic/M7  l		750n

Interactive.2
Number of points completed: 1
Number of simulation errors: 0
Interactive.2 completed. 
Current time: Thu Jul 25 21:55:06 2024 
